Cleanmaster/proguard/seeds.txt
android.support.v4.print.PrintHelperKitkat$1
android.support.v4.print.PrintHelperKitkat$1: android.print.PrintAttributes mAttributes
android.support.v4.print.PrintHelperKitkat$1: java.lang.String val$jobName
android.support.v4.print.PrintHelperKitkat$1: android.graphics.Bitmap val$bitmap
android.support.v4.print.PrintHelperKitkat$1: int val$fittingMode
android.support.v4.print.PrintHelperKitkat$1: android.support.v4.print.PrintHelperKitkat this$0
android.support.v4.print.PrintHelperKitkat$1: PrintHelperKitkat$1(android.support.v4.print.PrintHelperKitkat,java.lang.String,android.graphics.Bitmap,int)
android.support.v4.print.PrintHelperKitkat$1: void onLayout(android.print.PrintAttributes,android.print.PrintAttributes,android.os.CancellationSignal,android.print.PrintDocumentAdapter$LayoutResultCallback,android.os.Bundle)
android.support.v4.print.PrintHelperKitkat$1: void onWrite(android.print.PageRange[],android.os.ParcelFileDescriptor,android.os.CancellationSignal,android.print.PrintDocumentAdapter$WriteResultCallback)
android.support.v4.print.PrintHelperKitkat$2
android.support.v4.print.PrintHelperKitkat$2: android.print.PrintAttributes mAttributes
android.support.v4.print.PrintHelperKitkat$2: android.os.AsyncTask loadBitmap
android.support.v4.print.PrintHelperKitkat$2: android.graphics.Bitmap mBitmap
android.support.v4.print.PrintHelperKitkat$2: java.lang.String val$jobName
android.support.v4.print.PrintHelperKitkat$2: android.net.Uri val$imageFile
android.support.v4.print.PrintHelperKitkat$2: int val$fittingMode
android.support.v4.print.PrintHelperKitkat$2: android.support.v4.print.PrintHelperKitkat this$0
android.support.v4.print.PrintHelperKitkat$2: PrintHelperKitkat$2(android.support.v4.print.PrintHelperKitkat,java.lang.String,android.net.Uri,int)
android.support.v4.print.PrintHelperKitkat$2: void onLayout(android.print.PrintAttributes,android.print.PrintAttributes,android.os.CancellationSignal,android.print.PrintDocumentAdapter$LayoutResultCallback,android.os.Bundle)
android.support.v4.print.PrintHelperKitkat$2: void cancelLoad()
android.support.v4.print.PrintHelperKitkat$2: void onFinish()
android.support.v4.print.PrintHelperKitkat$2: void onWrite(android.print.PageRange[],android.os.ParcelFileDescriptor,android.os.CancellationSignal,android.print.PrintDocumentAdapter$WriteResultCallback)
android.support.v4.print.PrintHelperKitkat$2: void access$100(android.support.v4.print.PrintHelperKitkat$2)
android.support.v4.print.PrintHelperKitkat$2$1
android.support.v4.print.PrintHelperKitkat$2$1: android.os.CancellationSignal val$cancellationSignal
android.support.v4.print.PrintHelperKitkat$2$1: android.print.PrintAttributes val$newPrintAttributes
android.support.v4.print.PrintHelperKitkat$2$1: android.print.PrintAttributes val$oldPrintAttributes
android.support.v4.print.PrintHelperKitkat$2$1: android.print.PrintDocumentAdapter$LayoutResultCallback val$layoutResultCallback
android.support.v4.print.PrintHelperKitkat$2$1: android.support.v4.print.PrintHelperKitkat$2 this$1
android.support.v4.print.PrintHelperKitkat$2$1: PrintHelperKitkat$2$1(android.support.v4.print.PrintHelperKitkat$2,android.os.CancellationSignal,android.print.PrintAttributes,android.print.PrintAttributes,android.print.PrintDocumentAdapter$LayoutResultCallback)
android.support.v4.print.PrintHelperKitkat$2$1: void onPreExecute()
android.support.v4.print.PrintHelperKitkat$2$1: android.graphics.Bitmap doInBackground(android.net.Uri[])
android.support.v4.print.PrintHelperKitkat$2$1: void onPostExecute(android.graphics.Bitmap)
android.support.v4.print.PrintHelperKitkat$2$1: void onCancelled(android.graphics.Bitmap)
android.support.v4.print.PrintHelperKitkat$2$1: void onCancelled(java.lang.Object)
android.support.v4.print.PrintHelperKitkat$2$1: void onPostExecute(java.lang.Object)
android.support.v4.print.PrintHelperKitkat$2$1: java.lang.Object doInBackground(java.lang.Object[])