Cleanmaster/proguard/mapping.txt
android.support.v4.app.TaskStackBuilder$TaskStackBuilderImplJellybean -> android.support.v4.app.TaskStackBuilder$TaskStackBuilderImplJellybean:
    104:107:android.app.PendingIntent getPendingIntent(android.content.Context,android.content.Intent[],int,int,android.os.Bundle) -> getPendingIntent
android.support.v4.app.TaskStackBuilderHoneycomb -> android.support.v4.app.TaskStackBuilderHoneycomb:
    29:29:android.app.PendingIntent getActivitiesPendingIntent(android.content.Context,int,android.content.Intent[],int) -> getActivitiesPendingIntent
android.support.v4.app.TaskStackBuilderJellybean -> android.support.v4.app.TaskStackBuilderJellybean:
    28:28:android.app.PendingIntent getActivitiesPendingIntent(android.content.Context,int,android.content.Intent[],int,android.os.Bundle) -> getActivitiesPendingIntent
android.support.v4.content.AsyncTaskLoader -> android.support.v4.content.AsyncTaskLoader:
    java.lang.String TAG -> TAG
    boolean DEBUG -> DEBUG
    android.support.v4.content.AsyncTaskLoader$LoadTask mTask -> mTask
    android.support.v4.content.AsyncTaskLoader$LoadTask mCancellingTask -> mCancellingTask
    long mUpdateThrottle -> mUpdateThrottle
    long mLastLoadCompleteTime -> mLastLoadCompleteTime
    android.os.Handler mHandler -> mHandler
    103:107:void setUpdateThrottle(long) -> setUpdateThrottle
    111:116:void onForceLoad() -> onForceLoad
    136:166:boolean cancelLoad() -> cancelLoad
    174:174:void onCanceled(java.lang.Object) -> onCanceled
    177:197:void executePendingTask() -> executePendingTask
    200:208:void dispatchOnCancelled(android.support.v4.content.AsyncTaskLoader$LoadTask,java.lang.Object) -> dispatchOnCancelled
    211:226:void dispatchOnLoadComplete(android.support.v4.content.AsyncTaskLoader$LoadTask,java.lang.Object) -> dispatchOnLoadComplete
    java.lang.Object loadInBackground() -> loadInBackground
    242:242:java.lang.Object onLoadInBackground() -> onLoadInBackground
    256:264:void waitForLoader() -> waitForLoader
    268:285:void dump(java.lang.String,java.io.FileDescriptor,java.io.PrintWriter,java.lang.String[]) -> dump
android.support.v4.content.AsyncTaskLoader$LoadTask -> android.support.v4.content.AsyncTaskLoader$LoadTask:
    java.lang.Object result -> result
    boolean waiting -> waiting
    java.util.concurrent.CountDownLatch done -> done
    android.support.v4.content.AsyncTaskLoader this$0 -> this$0
    51:53:java.lang.Object doInBackground(java.lang.Void[]) -> doInBackground
    61:65:void onPostExecute(java.lang.Object) -> onPostExecute
    71:75:void onCancelled() -> onCancelled
    79:81:void run() -> run
    40:40:java.lang.Object doInBackground(java.lang.Object[]) -> doInBackground
    40:40:java.util.concurrent.CountDownLatch access$000(android.support.v4.content.AsyncTaskLoader$LoadTask) -> access$000
android.support.v4.content.ContextCompat -> android.support.v4.content.ContextCompat:
    java.lang.String DIR_ANDROID -> DIR_ANDROID
    java.lang.String DIR_DATA -> DIR_DATA
    java.lang.String DIR_OBB -> DIR_OBB
    java.lang.String DIR_FILES -> DIR_FILES
    java.lang.String DIR_CACHE -> DIR_CACHE
    67:67:boolean startActivities(android.content.Context,android.content.Intent[]) -> startActivities
    99:107:boolean startActivities(android.content.Context,android.content.Intent[],android.os.Bundle) -> startActivities
    154:165:java.io.File[] getObbDirs(android.content.Context) -> getObbDirs
    214:225:java.io.File[] getExternalFilesDirs(android.content.Context,java.lang.String) -> getExternalFilesDirs
    274:285:java.io.File[] getExternalCacheDirs(android.content.Context) -> getExternalCacheDirs
    290:298:java.io.File buildPath(java.io.File,java.lang.String[]) -> buildPath