Cleanmaster/proguard/usage.txt
com.smartapp.ex.cleanmaster.BuildConfig
com.smartapp.ex.cleanmaster.R
com.smartapp.ex.cleanmaster.R$anim
com.smartapp.ex.cleanmaster.R$attr
com.smartapp.ex.cleanmaster.R$color
com.smartapp.ex.cleanmaster.R$drawable
com.smartapp.ex.cleanmaster.R$id
com.smartapp.ex.cleanmaster.R$layout
com.smartapp.ex.cleanmaster.R$string
com.smartapp.ex.cleanmaster.R$style
...
android.support.annotation.XmlRes
com.go.launcher.taskmanager.AbstractTaskManager
com.go.launcher.taskmanager.AbstractTaskManager$1
com.go.launcher.taskmanager.AbstractTaskManager$_APPINFORINTERNAL
com.go.launcher.taskmanager.AbstractTaskManager$_PROCESSINFORINTERNAL
com.go.launcher.taskmanager.IInstanceHolder
com.go.launcher.taskmanager.ITaskManager
com.go.launcher.taskmanager.LockFreeList
com.go.launcher.taskmanager.LockFreeList$Entry
com.go.launcher.taskmanager.LockFreeList$ListStateHolder
com.go.launcher.taskmanager.LockFreeList$a
com.go.launcher.taskmanager.SingletonFactory
com.go.launcher.taskmanager.SingletonFactory$a
com.go.launcher.taskmanager._APPINFOR
com.go.launcher.taskmanager._PROCESSINFOR
com.zhidian.wifibox.activity.CleanMasterActivity:
    public static final int MSG_CACHE
    public static final int MSG_APK
    public static final int MSG_RAM
    public static final int MSG_TRASH
    public static final int MSG_UPDATE_SELECT
com.zhidian.wifibox.controller.CleanMasterController:
    public static final java.lang.String SCAN
    public static final java.lang.String CLEAN
com.zhidian.wifibox.root.RootShell:
    private static final int MAX_WAIT_TIME
    private static final java.lang.String CMD_TOKEN
    private static final int STATE_ROOT_TIME_OUT
    private static final int STATE_ROOT_DENIED
    private static final int STATE_ROOTED
    104:107:public static synchronized boolean isInit()
com.zhidian.wifibox.root.RootShell$Command:
    public static final int EXIT_CODE_NORMAL
    public static final int EXIT_CODE_EXCEPTIOIN
    public static final int TIME_OUT
    363:363:public int getExitCode()
com.zhidian.wifibox.util.AppUtils:
    public static final java.lang.String WX_PACKAGE_NAME
    public static final java.lang.String BROWSER_PACKAGE_NAME
    private static final java.lang.String SCHEME
    private static final java.lang.String APP_PKG_NAME_21
    private static final java.lang.String APP_PKG_NAME_22
    private static final java.lang.String APP_DETAILS_PACKAGE_NAME
    private static final java.lang.String APP_DETAILS_CLASS_NAME
    38:38:public AppUtils()
    70:92:public static java.util.Map getRunningApp(android.content.Context)
    126:151:public static java.util.List getAllApps(android.content.Context)
    158:176:public static java.lang.String getAllAppsString(android.content.Context)
    186:194:public static boolean isRoot()
    202:215:public static boolean isRoot2()
    221:225:public static java.lang.String getVersion(android.content.Context,java.lang.String)
    244:251:public static boolean isCanUseSim()
    262:264:public static boolean emailFormat(java.lang.String)
    269:282:public static java.lang.String readAssetsFile(android.content.Context,java.lang.String)
    328:347:public static void showInstalledAppDetails(android.content.Context,java.lang.String)
    351:355:public static java.lang.reflect.Method getMethod(android.content.pm.PackageManager,java.lang.String)
    361:365:public static varargs void invokeMethod(android.content.pm.PackageManager,java.lang.String,java.lang.Object[])
com.zhidian.wifibox.util.DrawUtil:
    24:24:public DrawUtil()
    45:46:public static int px2dip(android.content.Context,float)
    100:131:public static android.graphics.Bitmap createProgressBitmap(android.content.Context,android.graphics.Bitmap,int)
    219:269:public static android.graphics.Bitmap createH5IntroBitmap(int,int,int,int,int,int)